0 verbose cli /data/data/com.termux/files/usr/bin/node /data/data/com.termux/files/usr/bin/npm
1 info using npm@11.17.0
2 info using node@v26.3.1
3 silly config load:file:/data/data/com.termux/files/usr/lib/node_modules/npm/npmrc
4 silly config load:file:/data/data/com.termux/files/home/.npmrc
5 silly config load:file:/data/data/com.termux/files/home/.npm-global/etc/npmrc
6 verbose title npm install express
7 verbose argv "install" "express"
8 verbose logfile logs-max:10 dir:/data/data/com.termux/files/home/.npm/_logs/2026-07-04T10_42_32_853Z-
9 verbose logfile /data/data/com.termux/files/home/.npm/_logs/2026-07-04T10_42_32_853Z-debug-0.log
10 silly logfile done cleaning log files
11 silly allow-scripts no package.json at prefix Could not read package.json: Error: ENOENT: no such file or directory, open '/data/data/com.termux/files/home/package.json'
12 silly packumentCache heap:1072431104 maxSize:268107776 maxEntrySize:134053888
13 silly idealTree buildDeps
14 silly fetch manifest express@*
15 silly packumentCache full:https://registry.npmjs.org/express cache-miss
16 http fetch GET 200 https://registry.npmjs.org/express 827ms (cache revalidated)
17 silly packumentCache full:https://registry.npmjs.org/express set size:804933 disposed:false
18 silly placeDep ROOT express@5.2.1 OK for:  want: *
19 silly fetch manifest qs@^6.14.0
20 silly packumentCache full:https://registry.npmjs.org/qs cache-miss
21 silly fetch manifest depd@^2.0.0
22 silly packumentCache full:https://registry.npmjs.org/depd cache-miss
23 silly fetch manifest etag@^1.8.1
24 silly packumentCache full:https://registry.npmjs.org/etag cache-miss
25 silly fetch manifest once@^1.4.0
26 silly packumentCache full:https://registry.npmjs.org/once cache-miss
27 silly fetch manifest send@^1.1.0
28 silly packumentCache full:https://registry.npmjs.org/send cache-miss
29 silly fetch manifest vary@^1.1.2
30 silly packumentCache full:https://registry.npmjs.org/vary cache-miss
31 silly fetch manifest debug@^4.4.0
32 silly packumentCache full:https://registry.npmjs.org/debug cache-miss
33 http fetch GET 200 https://registry.npmjs.org/once 506ms (cache miss)
34 silly packumentCache full:https://registry.npmjs.org/once set size:undefined disposed:false
35 silly fetch manifest fresh@^2.0.0
36 silly packumentCache full:https://registry.npmjs.org/fresh cache-miss
37 http fetch GET 200 https://registry.npmjs.org/qs 650ms (cache revalidated)
38 silly packumentCache full:https://registry.npmjs.org/qs set size:360318 disposed:false
39 silly fetch manifest cookie@^0.7.1
40 silly packumentCache full:https://registry.npmjs.org/cookie cache-miss
41 http fetch GET 200 https://registry.npmjs.org/depd 724ms (cache revalidated)
42 silly packumentCache full:https://registry.npmjs.org/depd set size:40182 disposed:false
43 silly fetch manifest router@^2.2.0
44 silly packumentCache full:https://registry.npmjs.org/router cache-miss
45 http fetch GET 200 https://registry.npmjs.org/vary 729ms (cache revalidated)
46 silly packumentCache full:https://registry.npmjs.org/vary set size:15994 disposed:false
47 silly fetch manifest accepts@^2.0.0
48 silly packumentCache full:https://registry.npmjs.org/accepts cache-miss
49 http fetch GET 200 https://registry.npmjs.org/debug 762ms (cache revalidated)
50 silly packumentCache full:https://registry.npmjs.org/debug set size:195840 disposed:false
51 silly fetch manifest type-is@^2.0.1
52 silly packumentCache full:https://registry.npmjs.org/type-is cache-miss
53 http fetch GET 200 https://registry.npmjs.org/etag 864ms (cache revalidated)
54 silly packumentCache full:https://registry.npmjs.org/etag set size:30032 disposed:false
55 silly fetch manifest parseurl@^1.3.3
56 silly packumentCache full:https://registry.npmjs.org/parseurl cache-miss
57 http fetch GET 200 https://registry.npmjs.org/send 926ms (cache revalidated)
58 silly packumentCache full:https://registry.npmjs.org/send set size:152810 disposed:false
59 silly fetch manifest statuses@^2.0.1
60 silly packumentCache full:https://registry.npmjs.org/statuses cache-miss
61 http fetch GET 200 https://registry.npmjs.org/router 370ms (cache miss)
62 silly packumentCache full:https://registry.npmjs.org/router set size:undefined disposed:false
63 silly fetch manifest encodeurl@^2.0.0
64 silly packumentCache full:https://registry.npmjs.org/encodeurl cache-miss
65 http fetch GET 200 https://registry.npmjs.org/fresh 706ms (cache revalidated)
66 silly packumentCache full:https://registry.npmjs.org/fresh set size:25427 disposed:false
67 silly fetch manifest mime-types@^3.0.0
68 silly packumentCache full:https://registry.npmjs.org/mime-types cache-miss
69 http fetch GET 200 https://registry.npmjs.org/cookie 650ms (cache revalidated)
70 silly packumentCache full:https://registry.npmjs.org/cookie set size:78274 disposed:false
71 silly fetch manifest proxy-addr@^2.0.7
72 silly packumentCache full:https://registry.npmjs.org/proxy-addr cache-miss
73 http fetch GET 200 https://registry.npmjs.org/mime-types 178ms (cache revalidated)
74 silly packumentCache full:https://registry.npmjs.org/mime-types set size:139110 disposed:false
75 silly fetch manifest body-parser@^2.2.1
76 silly packumentCache full:https://registry.npmjs.org/body-parser cache-miss
77 http fetch GET 200 https://registry.npmjs.org/type-is 650ms (cache revalidated)
78 silly packumentCache full:https://registry.npmjs.org/type-is set size:88614 disposed:false
79 silly fetch manifest escape-html@^1.0.3
80 silly packumentCache full:https://registry.npmjs.org/escape-html cache-miss
81 http fetch GET 200 https://registry.npmjs.org/accepts 758ms (cache revalidated)
82 silly packumentCache full:https://registry.npmjs.org/accepts set size:77054 disposed:false
83 silly fetch manifest http-errors@^2.0.0
84 silly packumentCache full:https://registry.npmjs.org/http-errors cache-miss
85 http fetch GET 200 https://registry.npmjs.org/statuses 578ms (cache revalidated)
86 silly packumentCache full:https://registry.npmjs.org/statuses set size:37117 disposed:false
87 silly fetch manifest on-finished@^2.4.1
88 silly packumentCache full:https://registry.npmjs.org/on-finished cache-miss
89 http fetch GET 200 https://registry.npmjs.org/parseurl 689ms (cache revalidated)
90 silly packumentCache full:https://registry.npmjs.org/parseurl set size:24148 disposed:false
91 silly fetch manifest content-type@^1.0.5
92 silly packumentCache full:https://registry.npmjs.org/content-type cache-miss
93 http fetch GET 200 https://registry.npmjs.org/encodeurl 482ms (cache revalidated)
94 silly packumentCache full:https://registry.npmjs.org/encodeurl set size:12296 disposed:false
95 silly fetch manifest finalhandler@^2.1.0
96 silly packumentCache full:https://registry.npmjs.org/finalhandler cache-miss
97 http fetch GET 200 https://registry.npmjs.org/proxy-addr 406ms (cache revalidated)
98 silly packumentCache full:https://registry.npmjs.org/proxy-addr set size:61619 disposed:false
99 silly fetch manifest range-parser@^1.2.1
100 silly packumentCache full:https://registry.npmjs.org/range-parser cache-miss
101 http fetch GET 200 https://registry.npmjs.org/body-parser 364ms (cache revalidated)
102 silly packumentCache full:https://registry.npmjs.org/body-parser set size:224273 disposed:false
103 silly fetch manifest serve-static@^2.2.0
104 silly packumentCache full:https://registry.npmjs.org/serve-static cache-miss
105 http fetch GET 200 https://registry.npmjs.org/escape-html 360ms (cache revalidated)
106 silly packumentCache full:https://registry.npmjs.org/escape-html set size:7345 disposed:false
107 silly fetch manifest cookie-signature@^1.2.1
108 silly packumentCache full:https://registry.npmjs.org/cookie-signature cache-miss
109 http fetch GET 200 https://registry.npmjs.org/http-errors 346ms (cache revalidated)
110 silly packumentCache full:https://registry.npmjs.org/http-errors set size:71987 disposed:false
111 silly fetch manifest merge-descriptors@^2.0.0
112 silly packumentCache full:https://registry.npmjs.org/merge-descriptors cache-miss
113 http fetch GET 200 https://registry.npmjs.org/on-finished 376ms (cache revalidated)
114 silly packumentCache full:https://registry.npmjs.org/on-finished set size:23212 disposed:false
115 silly fetch manifest content-disposition@^1.0.0
116 silly packumentCache full:https://registry.npmjs.org/content-disposition cache-miss
117 http fetch GET 200 https://registry.npmjs.org/finalhandler 325ms (cache revalidated)
118 silly packumentCache full:https://registry.npmjs.org/finalhandler set size:79291 disposed:false
119 http fetch GET 200 https://registry.npmjs.org/content-type 392ms (cache revalidated)
120 silly packumentCache full:https://registry.npmjs.org/content-type set size:18994 disposed:false
121 http fetch GET 200 https://registry.npmjs.org/range-parser 281ms (cache revalidated)
122 silly packumentCache full:https://registry.npmjs.org/range-parser set size:24852 disposed:false
123 http fetch GET 200 https://registry.npmjs.org/serve-static 270ms (cache revalidated)
124 silly packumentCache full:https://registry.npmjs.org/serve-static set size:150391 disposed:false
125 http fetch GET 200 https://registry.npmjs.org/cookie-signature 392ms (cache revalidated)
126 silly packumentCache full:https://registry.npmjs.org/cookie-signature set size:21777 disposed:false
127 http fetch GET 200 https://registry.npmjs.org/merge-descriptors 382ms (cache revalidated)
128 silly packumentCache full:https://registry.npmjs.org/merge-descriptors set size:16527 disposed:false
129 http fetch GET 200 https://registry.npmjs.org/content-disposition 351ms (cache revalidated)
130 silly packumentCache full:https://registry.npmjs.org/content-disposition set size:42862 disposed:false
131 silly placeDep ROOT accepts@2.0.0 OK for: express@5.2.1 want: ^2.0.0
132 silly placeDep ROOT body-parser@2.3.0 OK for: express@5.2.1 want: ^2.2.1
133 silly placeDep ROOT content-disposition@1.1.0 OK for: express@5.2.1 want: ^1.0.0
134 silly placeDep ROOT content-type@1.0.5 OK for: express@5.2.1 want: ^1.0.5
135 silly placeDep ROOT cookie@0.7.2 OK for: express@5.2.1 want: ^0.7.1
136 silly placeDep ROOT cookie-signature@1.2.2 OK for: express@5.2.1 want: ^1.2.1
137 silly placeDep ROOT debug@4.4.3 OK for: express@5.2.1 want: ^4.4.0
138 silly placeDep ROOT depd@2.0.0 OK for: express@5.2.1 want: ^2.0.0
139 silly placeDep ROOT encodeurl@2.0.0 OK for: express@5.2.1 want: ^2.0.0
140 silly placeDep ROOT escape-html@1.0.3 OK for: express@5.2.1 want: ^1.0.3
141 silly placeDep ROOT etag@1.8.1 OK for: express@5.2.1 want: ^1.8.1
142 silly placeDep ROOT finalhandler@2.1.1 OK for: express@5.2.1 want: ^2.1.0
143 silly placeDep ROOT fresh@2.0.0 OK for: express@5.2.1 want: ^2.0.0
144 silly placeDep ROOT http-errors@2.0.1 OK for: express@5.2.1 want: ^2.0.0
145 silly placeDep ROOT merge-descriptors@2.0.0 OK for: express@5.2.1 want: ^2.0.0
146 silly placeDep ROOT mime-types@3.0.2 OK for: express@5.2.1 want: ^3.0.0
147 silly placeDep ROOT on-finished@2.4.1 OK for: express@5.2.1 want: ^2.4.1
148 silly placeDep ROOT once@1.4.0 OK for: express@5.2.1 want: ^1.4.0
149 silly placeDep ROOT parseurl@1.3.3 OK for: express@5.2.1 want: ^1.3.3
150 silly placeDep ROOT proxy-addr@2.0.7 OK for: express@5.2.1 want: ^2.0.7
151 silly placeDep ROOT qs@6.15.3 OK for: express@5.2.1 want: ^6.14.0
152 silly placeDep ROOT range-parser@1.3.0 OK for: express@5.2.1 want: ^1.2.1
153 silly placeDep ROOT router@2.2.0 OK for: express@5.2.1 want: ^2.2.0
154 silly placeDep ROOT send@1.2.1 OK for: express@5.2.1 want: ^1.1.0
155 silly placeDep ROOT serve-static@2.2.1 OK for: express@5.2.1 want: ^2.2.0
156 silly placeDep ROOT statuses@2.0.2 OK for: express@5.2.1 want: ^2.0.1
157 silly placeDep ROOT type-is@2.1.0 OK for: express@5.2.1 want: ^2.0.1
158 silly placeDep ROOT vary@1.1.2 OK for: express@5.2.1 want: ^1.1.2
159 silly fetch manifest negotiator@^1.0.0
160 silly packumentCache full:https://registry.npmjs.org/negotiator cache-miss
161 silly fetch manifest bytes@^3.1.2
162 silly packumentCache full:https://registry.npmjs.org/bytes cache-miss
163 silly fetch manifest content-type@^2.0.0
164 silly packumentCache full:https://registry.npmjs.org/content-type cache-hit
165 silly fetch manifest debug@^4.4.3
166 silly packumentCache full:https://registry.npmjs.org/debug cache-hit
167 silly fetch manifest http-errors@^2.0.1
168 silly packumentCache full:https://registry.npmjs.org/http-errors cache-hit
169 silly fetch manifest iconv-lite@^0.7.2
170 silly packumentCache full:https://registry.npmjs.org/iconv-lite cache-miss
171 silly fetch manifest qs@^6.15.2
172 silly packumentCache full:https://registry.npmjs.org/qs cache-hit
173 silly fetch manifest raw-body@^3.0.2
174 silly packumentCache full:https://registry.npmjs.org/raw-body cache-miss
175 silly fetch manifest type-is@^2.1.0
176 silly packumentCache full:https://registry.npmjs.org/type-is cache-hit
177 silly fetch manifest ms@^2.1.3
178 silly packumentCache full:https://registry.npmjs.org/ms cache-miss
179 silly fetch manifest inherits@~2.0.4
180 silly packumentCache full:https://registry.npmjs.org/inherits cache-miss
181 silly fetch manifest setprototypeof@~1.2.0
182 silly packumentCache full:https://registry.npmjs.org/setprototypeof cache-miss
183 http fetch GET 200 https://registry.npmjs.org/negotiator 508ms (cache revalidated)
184 silly packumentCache full:https://registry.npmjs.org/negotiator set size:48046 disposed:false
185 silly fetch manifest statuses@~2.0.2
186 silly packumentCache full:https://registry.npmjs.org/statuses cache-hit
187 silly fetch manifest toidentifier@~1.0.1
188 silly packumentCache full:https://registry.npmjs.org/toidentifier cache-miss
189 http fetch GET 200 https://registry.npmjs.org/inherits 483ms (cache revalidated)
190 silly packumentCache full:https://registry.npmjs.org/inherits set size:12925 disposed:false
191 silly fetch manifest mime-db@^1.54.0
192 silly packumentCache full:https://registry.npmjs.org/mime-db cache-miss
193 http fetch GET 200 https://registry.npmjs.org/iconv-lite 536ms (cache revalidated)
194 silly packumentCache full:https://registry.npmjs.org/iconv-lite set size:126478 disposed:false
195 silly fetch manifest ee-first@1.1.1
196 silly packumentCache full:https://registry.npmjs.org/ee-first cache-miss
197 http fetch GET 200 https://registry.npmjs.org/ms 548ms (cache revalidated)
198 silly packumentCache full:https://registry.npmjs.org/ms set size:92208 disposed:false
199 silly fetch manifest wrappy@1
200 silly packumentCache full:https://registry.npmjs.org/wrappy cache-miss
201 http fetch GET 200 https://registry.npmjs.org/raw-body 588ms (cache revalidated)
202 silly packumentCache full:https://registry.npmjs.org/raw-body set size:117822 disposed:false
203 silly fetch manifest forwarded@0.2.0
204 silly packumentCache full:https://registry.npmjs.org/forwarded cache-miss
205 http fetch GET 200 https://registry.npmjs.org/setprototypeof 607ms (cache revalidated)
206 silly packumentCache full:https://registry.npmjs.org/setprototypeof set size:14532 disposed:false
207 silly fetch manifest ipaddr.js@1.9.1
208 silly packumentCache full:https://registry.npmjs.org/ipaddr.js cache-miss
209 http fetch GET 200 https://registry.npmjs.org/bytes 687ms (cache revalidated)
210 silly packumentCache full:https://registry.npmjs.org/bytes set size:37018 disposed:false
211 silly fetch manifest side-channel@^1.1.1
212 silly packumentCache full:https://registry.npmjs.org/side-channel cache-miss
213 http fetch GET 200 https://registry.npmjs.org/toidentifier 325ms (cache revalidated)
214 silly packumentCache full:https://registry.npmjs.org/toidentifier set size:12006 disposed:false
215 silly fetch manifest es-define-property@^1.0.1
216 silly packumentCache full:https://registry.npmjs.org/es-define-property cache-miss
217 http fetch GET 200 https://registry.npmjs.org/ee-first 289ms (cache revalidated)
218 silly packumentCache full:https://registry.npmjs.org/ee-first set size:15327 disposed:false
219 silly fetch manifest is-promise@^4.0.0
220 silly packumentCache full:https://registry.npmjs.org/is-promise cache-miss
221 http fetch GET 200 https://registry.npmjs.org/mime-db 343ms (cache revalidated)
222 silly packumentCache full:https://registry.npmjs.org/mime-db set size:164953 disposed:false
223 silly fetch manifest path-to-regexp@^8.0.0
224 silly packumentCache full:https://registry.npmjs.org/path-to-regexp cache-miss
225 http fetch GET 200 https://registry.npmjs.org/forwarded 280ms (cache revalidated)
226 silly packumentCache full:https://registry.npmjs.org/forwarded set size:11229 disposed:false
227 silly fetch manifest statuses@^2.0.2
228 silly packumentCache full:https://registry.npmjs.org/statuses cache-hit
229 silly fetch manifest media-typer@^1.1.0
230 silly packumentCache full:https://registry.npmjs.org/media-typer cache-miss
231 http fetch GET 200 https://registry.npmjs.org/ipaddr.js 280ms (cache revalidated)
232 silly packumentCache full:https://registry.npmjs.org/ipaddr.js set size:69549 disposed:false
233 http fetch GET 200 https://registry.npmjs.org/wrappy 356ms (cache miss)
234 silly packumentCache full:https://registry.npmjs.org/wrappy set size:undefined disposed:false
235 http fetch GET 200 https://registry.npmjs.org/side-channel 299ms (cache revalidated)
236 silly packumentCache full:https://registry.npmjs.org/side-channel set size:27650 disposed:false
237 http fetch GET 200 https://registry.npmjs.org/is-promise 178ms (cache miss)
238 silly packumentCache full:https://registry.npmjs.org/is-promise set size:undefined disposed:false
239 http fetch GET 200 https://registry.npmjs.org/es-define-property 246ms (cache revalidated)
240 silly packumentCache full:https://registry.npmjs.org/es-define-property set size:8542 disposed:false
241 http fetch GET 200 https://registry.npmjs.org/path-to-regexp 221ms (cache revalidated)
242 silly packumentCache full:https://registry.npmjs.org/path-to-regexp set size:216334 disposed:false
243 http fetch GET 200 https://registry.npmjs.org/media-typer 243ms (cache revalidated)
244 silly packumentCache full:https://registry.npmjs.org/media-typer set size:22678 disposed:false
245 silly placeDep ROOT negotiator@1.0.0 OK for: accepts@2.0.0 want: ^1.0.0
246 silly placeDep ROOT bytes@3.1.2 OK for: body-parser@2.3.0 want: ^3.1.2
247 silly placeDep node_modules/body-parser content-type@2.0.0 OK for: body-parser@2.3.0 want: ^2.0.0
248 silly placeDep ROOT iconv-lite@0.7.3 OK for: body-parser@2.3.0 want: ^0.7.2
249 silly placeDep ROOT raw-body@3.0.2 OK for: body-parser@2.3.0 want: ^3.0.2
250 silly fetch manifest safer-buffer@>= 2.1.2 < 3.0.0
251 silly packumentCache full:https://registry.npmjs.org/safer-buffer cache-miss
252 silly fetch manifest unpipe@~1.0.0
253 silly packumentCache full:https://registry.npmjs.org/unpipe cache-miss
254 http fetch GET 200 https://registry.npmjs.org/unpipe 114ms (cache revalidated)
255 silly packumentCache full:https://registry.npmjs.org/unpipe set size:3609 disposed:false
256 http fetch GET 200 https://registry.npmjs.org/safer-buffer 131ms (cache revalidated)
257 silly packumentCache full:https://registry.npmjs.org/safer-buffer set size:18521 disposed:false
258 silly placeDep ROOT ms@2.1.3 OK for: debug@4.4.3 want: ^2.1.3
259 silly placeDep ROOT inherits@2.0.4 OK for: http-errors@2.0.1 want: ~2.0.4
260 silly placeDep ROOT setprototypeof@1.2.0 OK for: http-errors@2.0.1 want: ~1.2.0
261 silly placeDep ROOT toidentifier@1.0.1 OK for: http-errors@2.0.1 want: ~1.0.1
262 silly placeDep ROOT safer-buffer@2.1.2 OK for: iconv-lite@0.7.3 want: >= 2.1.2 < 3.0.0
263 silly placeDep ROOT mime-db@1.54.0 OK for: mime-types@3.0.2 want: ^1.54.0
264 silly placeDep ROOT ee-first@1.1.1 OK for: on-finished@2.4.1 want: 1.1.1
265 silly placeDep ROOT wrappy@1.0.2 OK for: once@1.4.0 want: 1
266 silly placeDep ROOT forwarded@0.2.0 OK for: proxy-addr@2.0.7 want: 0.2.0
267 silly placeDep ROOT ipaddr.js@1.9.1 OK for: proxy-addr@2.0.7 want: 1.9.1
268 silly placeDep ROOT es-define-property@1.0.1 OK for: qs@6.15.3 want: ^1.0.1
269 silly placeDep ROOT side-channel@1.1.1 OK for: qs@6.15.3 want: ^1.1.1
270 silly fetch manifest es-errors@^1.3.0
271 silly packumentCache full:https://registry.npmjs.org/es-errors cache-miss
272 silly fetch manifest object-inspect@^1.13.4
273 silly packumentCache full:https://registry.npmjs.org/object-inspect cache-miss
274 silly fetch manifest side-channel-list@^1.0.1
275 silly packumentCache full:https://registry.npmjs.org/side-channel-list cache-miss
276 silly fetch manifest side-channel-map@^1.0.1
277 silly packumentCache full:https://registry.npmjs.org/side-channel-map cache-miss
278 silly fetch manifest side-channel-weakmap@^1.0.2
279 silly packumentCache full:https://registry.npmjs.org/side-channel-weakmap cache-miss
280 http fetch GET 200 https://registry.npmjs.org/object-inspect 176ms (cache revalidated)
281 silly packumentCache full:https://registry.npmjs.org/object-inspect set size:101912 disposed:false
282 http fetch GET 200 https://registry.npmjs.org/es-errors 207ms (cache revalidated)
283 silly packumentCache full:https://registry.npmjs.org/es-errors set size:16918 disposed:false
284 http fetch GET 200 https://registry.npmjs.org/side-channel-list 209ms (cache revalidated)
285 silly packumentCache full:https://registry.npmjs.org/side-channel-list set size:9021 disposed:false
286 http fetch GET 200 https://registry.npmjs.org/side-channel-map 213ms (cache revalidated)
287 silly packumentCache full:https://registry.npmjs.org/side-channel-map set size:9126 disposed:false
288 http fetch GET 200 https://registry.npmjs.org/side-channel-weakmap 217ms (cache revalidated)
289 silly packumentCache full:https://registry.npmjs.org/side-channel-weakmap set size:12620 disposed:false
290 silly placeDep ROOT unpipe@1.0.0 OK for: raw-body@3.0.2 want: ~1.0.0
291 silly placeDep ROOT is-promise@4.0.0 OK for: router@2.2.0 want: ^4.0.0
292 silly placeDep ROOT path-to-regexp@8.4.2 OK for: router@2.2.0 want: ^8.0.0
293 silly placeDep ROOT es-errors@1.3.0 OK for: side-channel@1.1.1 want: ^1.3.0
294 silly placeDep ROOT object-inspect@1.13.4 OK for: side-channel@1.1.1 want: ^1.13.4
295 silly placeDep ROOT side-channel-list@1.0.1 OK for: side-channel@1.1.1 want: ^1.0.1
296 silly placeDep ROOT side-channel-map@1.0.1 OK for: side-channel@1.1.1 want: ^1.0.1
297 silly placeDep ROOT side-channel-weakmap@1.0.2 OK for: side-channel@1.1.1 want: ^1.0.2
298 silly fetch manifest call-bound@^1.0.2
299 silly packumentCache full:https://registry.npmjs.org/call-bound cache-miss
300 silly fetch manifest get-intrinsic@^1.2.5
301 silly packumentCache full:https://registry.npmjs.org/get-intrinsic cache-miss
302 silly fetch manifest call-bound@^1.0.2
303 silly packumentCache full:https://registry.npmjs.org/call-bound cache-miss
304 silly fetch manifest get-intrinsic@^1.2.5
305 silly packumentCache full:https://registry.npmjs.org/get-intrinsic cache-miss
306 http fetch GET 200 https://registry.npmjs.org/call-bound 142ms (cache revalidated)
307 silly packumentCache full:https://registry.npmjs.org/call-bound set size:15317 disposed:false
308 http fetch GET 200 https://registry.npmjs.org/get-intrinsic 157ms (cache revalidated)
309 silly packumentCache full:https://registry.npmjs.org/get-intrinsic set size:60985 disposed:false
310 http fetch GET 200 https://registry.npmjs.org/get-intrinsic 167ms (cache revalidated)
311 silly packumentCache full:https://registry.npmjs.org/get-intrinsic set size:60985 disposed:false
312 silly packumentCache full:https://registry.npmjs.org/get-intrinsic dispose
313 http fetch GET 200 https://registry.npmjs.org/call-bound 189ms (cache revalidated)
314 silly packumentCache full:https://registry.npmjs.org/call-bound set size:15317 disposed:false
315 silly packumentCache full:https://registry.npmjs.org/call-bound dispose
316 silly placeDep ROOT call-bound@1.0.4 OK for: side-channel-map@1.0.1 want: ^1.0.2
317 silly placeDep ROOT get-intrinsic@1.3.0 OK for: side-channel-map@1.0.1 want: ^1.2.5
318 silly fetch manifest call-bind-apply-helpers@^1.0.2
319 silly packumentCache full:https://registry.npmjs.org/call-bind-apply-helpers cache-miss
320 silly fetch manifest get-intrinsic@^1.3.0
321 silly packumentCache full:https://registry.npmjs.org/get-intrinsic cache-hit
322 silly fetch manifest gopd@^1.2.0
323 silly packumentCache full:https://registry.npmjs.org/gopd cache-miss
324 silly fetch manifest hasown@^2.0.2
325 silly packumentCache full:https://registry.npmjs.org/hasown cache-miss
326 silly fetch manifest get-proto@^1.0.1
327 silly packumentCache full:https://registry.npmjs.org/get-proto cache-miss
328 silly fetch manifest has-symbols@^1.1.0
329 silly packumentCache full:https://registry.npmjs.org/has-symbols cache-miss
330 silly fetch manifest function-bind@^1.1.2
331 silly packumentCache full:https://registry.npmjs.org/function-bind cache-miss
332 silly fetch manifest es-object-atoms@^1.1.1
333 silly packumentCache full:https://registry.npmjs.org/es-object-atoms cache-miss
334 http fetch GET 200 https://registry.npmjs.org/call-bind-apply-helpers 160ms (cache revalidated)
335 silly packumentCache full:https://registry.npmjs.org/call-bind-apply-helpers set size:12744 disposed:false
336 silly fetch manifest math-intrinsics@^1.1.0
337 silly packumentCache full:https://registry.npmjs.org/math-intrinsics cache-miss
338 http fetch GET 200 https://registry.npmjs.org/gopd 209ms (cache revalidated)
339 silly packumentCache full:https://registry.npmjs.org/gopd set size:11458 disposed:false
340 http fetch GET 200 https://registry.npmjs.org/hasown 221ms (cache revalidated)
341 silly packumentCache full:https://registry.npmjs.org/hasown set size:18361 disposed:false
342 http fetch GET 200 https://registry.npmjs.org/has-symbols 226ms (cache revalidated)
343 silly packumentCache full:https://registry.npmjs.org/has-symbols set size:21550 disposed:false
344 http fetch GET 200 https://registry.npmjs.org/get-proto 240ms (cache revalidated)
345 silly packumentCache full:https://registry.npmjs.org/get-proto set size:8300 disposed:false
346 http fetch GET 200 https://registry.npmjs.org/es-object-atoms 244ms (cache revalidated)
347 silly packumentCache full:https://registry.npmjs.org/es-object-atoms set size:18278 disposed:false
348 http fetch GET 200 https://registry.npmjs.org/function-bind 268ms (cache revalidated)
349 silly packumentCache full:https://registry.npmjs.org/function-bind set size:15733 disposed:false
350 http fetch GET 200 https://registry.npmjs.org/math-intrinsics 180ms (cache revalidated)
351 silly packumentCache full:https://registry.npmjs.org/math-intrinsics set size:9265 disposed:false
352 silly placeDep ROOT call-bind-apply-helpers@1.0.2 OK for: call-bound@1.0.4 want: ^1.0.2
353 silly placeDep ROOT function-bind@1.1.2 OK for: call-bind-apply-helpers@1.0.2 want: ^1.1.2
354 silly placeDep ROOT es-object-atoms@1.1.2 OK for: get-intrinsic@1.3.0 want: ^1.1.1
355 silly placeDep ROOT get-proto@1.0.1 OK for: get-intrinsic@1.3.0 want: ^1.0.1
356 silly placeDep ROOT gopd@1.2.0 OK for: get-intrinsic@1.3.0 want: ^1.2.0
357 silly placeDep ROOT has-symbols@1.1.0 OK for: get-intrinsic@1.3.0 want: ^1.1.0
358 silly placeDep ROOT hasown@2.0.4 OK for: get-intrinsic@1.3.0 want: ^2.0.2
359 silly placeDep ROOT math-intrinsics@1.1.0 OK for: get-intrinsic@1.3.0 want: ^1.1.0
360 silly fetch manifest dunder-proto@^1.0.1
361 silly packumentCache full:https://registry.npmjs.org/dunder-proto cache-miss
362 http fetch GET 200 https://registry.npmjs.org/dunder-proto 102ms (cache revalidated)
363 silly packumentCache full:https://registry.npmjs.org/dunder-proto set size:8256 disposed:false
364 silly placeDep ROOT dunder-proto@1.0.1 OK for: get-proto@1.0.1 want: ^1.0.1
365 silly placeDep node_modules/type-is content-type@2.0.0 OK for: type-is@2.1.0 want: ^2.0.0
366 silly placeDep ROOT media-typer@1.1.0 OK for: type-is@2.1.0 want: ^1.1.0
367 silly reify moves {}
368 http cache media-typer@https://registry.npmjs.org/media-typer/-/media-typer-1.1.0.tgz 0ms (cache hit)
369 http cache dunder-proto@https://registry.npmjs.org/dunder-proto/-/dunder-proto-1.0.1.tgz 0ms (cache hit)
370 http cache math-intrinsics@https://registry.npmjs.org/math-intrinsics/-/math-intrinsics-1.1.0.tgz 0ms (cache hit)
371 http cache hasown@https://registry.npmjs.org/hasown/-/hasown-2.0.4.tgz 0ms (cache hit)
372 http cache has-symbols@https://registry.npmjs.org/has-symbols/-/has-symbols-1.1.0.tgz 0ms (cache hit)
373 http cache gopd@https://registry.npmjs.org/gopd/-/gopd-1.2.0.tgz 0ms (cache hit)
374 http cache get-proto@https://registry.npmjs.org/get-proto/-/get-proto-1.0.1.tgz 0ms (cache hit)
375 http cache es-object-atoms@https://registry.npmjs.org/es-object-atoms/-/es-object-atoms-1.1.2.tgz 0ms (cache hit)
376 http cache function-bind@https://registry.npmjs.org/function-bind/-/function-bind-1.1.2.tgz 0ms (cache hit)
377 http cache call-bind-apply-helpers@https://registry.npmjs.org/call-bind-apply-helpers/-/call-bind-apply-helpers-1.0.2.tgz 1ms (cache hit)
378 http cache get-intrinsic@https://registry.npmjs.org/get-intrinsic/-/get-intrinsic-1.3.0.tgz 0ms (cache hit)
379 http cache call-bound@https://registry.npmjs.org/call-bound/-/call-bound-1.0.4.tgz 1ms (cache hit)
380 http cache side-channel-weakmap@https://registry.npmjs.org/side-channel-weakmap/-/side-channel-weakmap-1.0.2.tgz 0ms (cache hit)
381 http cache side-channel-map@https://registry.npmjs.org/side-channel-map/-/side-channel-map-1.0.1.tgz 0ms (cache hit)
382 http cache side-channel-list@https://registry.npmjs.org/side-channel-list/-/side-channel-list-1.0.1.tgz 0ms (cache hit)
383 http cache object-inspect@https://registry.npmjs.org/object-inspect/-/object-inspect-1.13.4.tgz 0ms (cache hit)
384 http cache es-errors@https://registry.npmjs.org/es-errors/-/es-errors-1.3.0.tgz 0ms (cache hit)
385 http cache path-to-regexp@https://registry.npmjs.org/path-to-regexp/-/path-to-regexp-8.4.2.tgz 0ms (cache hit)
386 http cache is-promise@https://registry.npmjs.org/is-promise/-/is-promise-4.0.0.tgz 0ms (cache hit)
387 http cache unpipe@https://registry.npmjs.org/unpipe/-/unpipe-1.0.0.tgz 1ms (cache hit)
388 http cache side-channel@https://registry.npmjs.org/side-channel/-/side-channel-1.1.1.tgz 0ms (cache hit)
389 http cache es-define-property@https://registry.npmjs.org/es-define-property/-/es-define-property-1.0.1.tgz 0ms (cache hit)
390 http cache ipaddr.js@https://registry.npmjs.org/ipaddr.js/-/ipaddr.js-1.9.1.tgz 0ms (cache hit)
391 http cache forwarded@https://registry.npmjs.org/forwarded/-/forwarded-0.2.0.tgz 0ms (cache hit)
392 http cache ee-first@https://registry.npmjs.org/ee-first/-/ee-first-1.1.1.tgz 0ms (cache hit)
393 http cache wrappy@https://registry.npmjs.org/wrappy/-/wrappy-1.0.2.tgz 1ms (cache hit)
394 http cache mime-db@https://registry.npmjs.org/mime-db/-/mime-db-1.54.0.tgz 0ms (cache hit)
395 http cache safer-buffer@https://registry.npmjs.org/safer-buffer/-/safer-buffer-2.1.2.tgz 0ms (cache hit)
396 http cache toidentifier@https://registry.npmjs.org/toidentifier/-/toidentifier-1.0.1.tgz 0ms (cache hit)
397 http cache setprototypeof@https://registry.npmjs.org/setprototypeof/-/setprototypeof-1.2.0.tgz 1ms (cache hit)
398 http cache inherits@https://registry.npmjs.org/inherits/-/inherits-2.0.4.tgz 1ms (cache hit)
399 http cache ms@https://registry.npmjs.org/ms/-/ms-2.1.3.tgz 1ms (cache hit)
400 http cache iconv-lite@https://registry.npmjs.org/iconv-lite/-/iconv-lite-0.7.3.tgz 0ms (cache hit)
401 http cache raw-body@https://registry.npmjs.org/raw-body/-/raw-body-3.0.2.tgz 0ms (cache hit)
402 http cache bytes@https://registry.npmjs.org/bytes/-/bytes-3.1.2.tgz 0ms (cache hit)
403 http cache negotiator@https://registry.npmjs.org/negotiator/-/negotiator-1.0.0.tgz 0ms (cache hit)
404 http cache vary@https://registry.npmjs.org/vary/-/vary-1.1.2.tgz 0ms (cache hit)
405 http cache type-is@https://registry.npmjs.org/type-is/-/type-is-2.1.0.tgz 0ms (cache hit)
406 http cache statuses@https://registry.npmjs.org/statuses/-/statuses-2.0.2.tgz 0ms (cache hit)
407 http cache serve-static@https://registry.npmjs.org/serve-static/-/serve-static-2.2.1.tgz 0ms (cache hit)
408 http cache router@https://registry.npmjs.org/router/-/router-2.2.0.tgz 1ms (cache hit)
409 http cache send@https://registry.npmjs.org/send/-/send-1.2.1.tgz 0ms (cache hit)
410 http cache range-parser@https://registry.npmjs.org/range-parser/-/range-parser-1.3.0.tgz 0ms (cache hit)
411 http cache qs@https://registry.npmjs.org/qs/-/qs-6.15.3.tgz 0ms (cache hit)
412 http cache proxy-addr@https://registry.npmjs.org/proxy-addr/-/proxy-addr-2.0.7.tgz 1ms (cache hit)
413 http cache parseurl@https://registry.npmjs.org/parseurl/-/parseurl-1.3.3.tgz 0ms (cache hit)
414 http cache once@https://registry.npmjs.org/once/-/once-1.4.0.tgz 0ms (cache hit)
415 http cache on-finished@https://registry.npmjs.org/on-finished/-/on-finished-2.4.1.tgz 0ms (cache hit)
416 http cache mime-types@https://registry.npmjs.org/mime-types/-/mime-types-3.0.2.tgz 0ms (cache hit)
417 http cache merge-descriptors@https://registry.npmjs.org/merge-descriptors/-/merge-descriptors-2.0.0.tgz 0ms (cache hit)
418 http cache http-errors@https://registry.npmjs.org/http-errors/-/http-errors-2.0.1.tgz 0ms (cache hit)
419 http cache fresh@https://registry.npmjs.org/fresh/-/fresh-2.0.0.tgz 1ms (cache hit)
420 http cache finalhandler@https://registry.npmjs.org/finalhandler/-/finalhandler-2.1.1.tgz 0ms (cache hit)
421 http cache etag@https://registry.npmjs.org/etag/-/etag-1.8.1.tgz 0ms (cache hit)
422 http cache depd@https://registry.npmjs.org/depd/-/depd-2.0.0.tgz 0ms (cache hit)
423 http cache escape-html@https://registry.npmjs.org/escape-html/-/escape-html-1.0.3.tgz 0ms (cache hit)
424 http cache debug@https://registry.npmjs.org/debug/-/debug-4.4.3.tgz 0ms (cache hit)
425 http cache cookie-signature@https://registry.npmjs.org/cookie-signature/-/cookie-signature-1.2.2.tgz 0ms (cache hit)
426 http cache cookie@https://registry.npmjs.org/cookie/-/cookie-0.7.2.tgz 0ms (cache hit)
427 http cache content-type@https://registry.npmjs.org/content-type/-/content-type-1.0.5.tgz 0ms (cache hit)
428 http cache content-disposition@https://registry.npmjs.org/content-disposition/-/content-disposition-1.1.0.tgz 1ms (cache hit)
429 http cache body-parser@https://registry.npmjs.org/body-parser/-/body-parser-2.3.0.tgz 0ms (cache hit)
430 http cache accepts@https://registry.npmjs.org/accepts/-/accepts-2.0.0.tgz 0ms (cache hit)
431 http cache express@https://registry.npmjs.org/express/-/express-5.2.1.tgz 0ms (cache hit)
432 http cache content-type@https://registry.npmjs.org/content-type/-/content-type-2.0.0.tgz 0ms (cache hit)
433 http cache content-type@https://registry.npmjs.org/content-type/-/content-type-2.0.0.tgz 1ms (cache hit)
434 http cache encodeurl@https://registry.npmjs.org/encodeurl/-/encodeurl-2.0.0.tgz 0ms (cache hit)
435 silly tarball no local data for media-typer@https://registry.npmjs.org/media-typer/-/media-typer-1.1.0.tgz. Extracting by manifest.
436 silly tarball no local data for path-to-regexp@https://registry.npmjs.org/path-to-regexp/-/path-to-regexp-8.4.2.tgz. Extracting by manifest.
437 silly tarball no local data for is-promise@https://registry.npmjs.org/is-promise/-/is-promise-4.0.0.tgz. Extracting by manifest.
438 silly tarball no local data for wrappy@https://registry.npmjs.org/wrappy/-/wrappy-1.0.2.tgz. Extracting by manifest.
439 silly tarball no local data for mime-db@https://registry.npmjs.org/mime-db/-/mime-db-1.54.0.tgz. Extracting by manifest.
440 silly tarball no local data for iconv-lite@https://registry.npmjs.org/iconv-lite/-/iconv-lite-0.7.3.tgz. Extracting by manifest.
441 silly tarball no local data for raw-body@https://registry.npmjs.org/raw-body/-/raw-body-3.0.2.tgz. Extracting by manifest.
442 silly tarball no local data for negotiator@https://registry.npmjs.org/negotiator/-/negotiator-1.0.0.tgz. Extracting by manifest.
443 silly tarball no local data for type-is@https://registry.npmjs.org/type-is/-/type-is-2.1.0.tgz. Extracting by manifest.
444 silly tarball no local data for serve-static@https://registry.npmjs.org/serve-static/-/serve-static-2.2.1.tgz. Extracting by manifest.
445 silly tarball no local data for router@https://registry.npmjs.org/router/-/router-2.2.0.tgz. Extracting by manifest.
446 silly tarball no local data for send@https://registry.npmjs.org/send/-/send-1.2.1.tgz. Extracting by manifest.
447 silly tarball no local data for range-parser@https://registry.npmjs.org/range-parser/-/range-parser-1.3.0.tgz. Extracting by manifest.
448 silly tarball no local data for once@https://registry.npmjs.org/once/-/once-1.4.0.tgz. Extracting by manifest.
449 silly tarball no local data for mime-types@https://registry.npmjs.org/mime-types/-/mime-types-3.0.2.tgz. Extracting by manifest.
450 silly tarball no local data for merge-descriptors@https://registry.npmjs.org/merge-descriptors/-/merge-descriptors-2.0.0.tgz. Extracting by manifest.
451 silly tarball no local data for fresh@https://registry.npmjs.org/fresh/-/fresh-2.0.0.tgz. Extracting by manifest.
452 silly tarball no local data for finalhandler@https://registry.npmjs.org/finalhandler/-/finalhandler-2.1.1.tgz. Extracting by manifest.
453 silly tarball no local data for debug@https://registry.npmjs.org/debug/-/debug-4.4.3.tgz. Extracting by manifest.
454 silly tarball no local data for cookie-signature@https://registry.npmjs.org/cookie-signature/-/cookie-signature-1.2.2.tgz. Extracting by manifest.
455 silly tarball no local data for content-disposition@https://registry.npmjs.org/content-disposition/-/content-disposition-1.1.0.tgz. Extracting by manifest.
456 silly tarball no local data for body-parser@https://registry.npmjs.org/body-parser/-/body-parser-2.3.0.tgz. Extracting by manifest.
457 silly tarball no local data for accepts@https://registry.npmjs.org/accepts/-/accepts-2.0.0.tgz. Extracting by manifest.
458 silly tarball no local data for express@https://registry.npmjs.org/express/-/express-5.2.1.tgz. Extracting by manifest.
459 silly tarball no local data for content-type@https://registry.npmjs.org/content-type/-/content-type-2.0.0.tgz. Extracting by manifest.
460 silly tarball no local data for content-type@https://registry.npmjs.org/content-type/-/content-type-2.0.0.tgz. Extracting by manifest.
461 http fetch GET 200 https://registry.npmjs.org/cookie-signature/-/cookie-signature-1.2.2.tgz 2326ms (cache miss)
462 http fetch GET 200 https://registry.npmjs.org/merge-descriptors/-/merge-descriptors-2.0.0.tgz 2392ms (cache miss)
463 http fetch GET 200 https://registry.npmjs.org/is-promise/-/is-promise-4.0.0.tgz 2527ms (cache miss)
464 http fetch GET 200 https://registry.npmjs.org/wrappy/-/wrappy-1.0.2.tgz 2566ms (cache miss)
465 http fetch GET 200 https://registry.npmjs.org/fresh/-/fresh-2.0.0.tgz 2505ms (cache miss)
466 http fetch GET 200 https://registry.npmjs.org/accepts/-/accepts-2.0.0.tgz 2469ms (cache miss)
467 http fetch GET 200 https://registry.npmjs.org/media-typer/-/media-typer-1.1.0.tgz 2663ms (cache miss)
468 http fetch GET 200 https://registry.npmjs.org/once/-/once-1.4.0.tgz 2558ms (cache miss)
469 http fetch GET 200 https://registry.npmjs.org/finalhandler/-/finalhandler-2.1.1.tgz 2550ms (cache miss)
470 http fetch GET 200 https://registry.npmjs.org/raw-body/-/raw-body-3.0.2.tgz 2640ms (cache miss)
471 http fetch GET 200 https://registry.npmjs.org/content-disposition/-/content-disposition-1.1.0.tgz 2554ms (cache miss)
472 http fetch GET 200 https://registry.npmjs.org/range-parser/-/range-parser-1.3.0.tgz 2617ms (cache miss)
473 http fetch GET 200 https://registry.npmjs.org/serve-static/-/serve-static-2.2.1.tgz 2650ms (cache miss)
474 http fetch GET 200 https://registry.npmjs.org/content-type/-/content-type-2.0.0.tgz 2596ms (cache miss)
475 http fetch GET 200 https://registry.npmjs.org/type-is/-/type-is-2.1.0.tgz 2716ms (cache miss)
476 http fetch GET 200 https://registry.npmjs.org/send/-/send-1.2.1.tgz 2726ms (cache miss)
477 http fetch GET 200 https://registry.npmjs.org/content-type/-/content-type-2.0.0.tgz 2650ms (cache miss)
478 http fetch GET 200 https://registry.npmjs.org/path-to-regexp/-/path-to-regexp-8.4.2.tgz 2849ms (cache miss)
479 http fetch GET 200 https://registry.npmjs.org/mime-types/-/mime-types-3.0.2.tgz 2764ms (cache miss)
480 http fetch GET 200 https://registry.npmjs.org/negotiator/-/negotiator-1.0.0.tgz 2816ms (cache miss)
481 http fetch GET 200 https://registry.npmjs.org/mime-db/-/mime-db-1.54.0.tgz 2866ms (cache miss)
482 http fetch GET 200 https://registry.npmjs.org/debug/-/debug-4.4.3.tgz 2780ms (cache miss)
483 http fetch GET 200 https://registry.npmjs.org/router/-/router-2.2.0.tgz 2832ms (cache miss)
484 http fetch GET 200 https://registry.npmjs.org/express/-/express-5.2.1.tgz 2802ms (cache miss)
485 http fetch GET 200 https://registry.npmjs.org/body-parser/-/body-parser-2.3.0.tgz 2816ms (cache miss)
486 http fetch GET 200 https://registry.npmjs.org/iconv-lite/-/iconv-lite-0.7.3.tgz 3010ms (cache miss)
487 silly ADD node_modules/media-typer
488 silly ADD node_modules/dunder-proto
489 silly ADD node_modules/math-intrinsics
490 silly ADD node_modules/hasown
491 silly ADD node_modules/has-symbols
492 silly ADD node_modules/gopd
493 silly ADD node_modules/get-proto
494 silly ADD node_modules/es-object-atoms
495 silly ADD node_modules/function-bind
496 silly ADD node_modules/call-bind-apply-helpers
497 silly ADD node_modules/get-intrinsic
498 silly ADD node_modules/call-bound
499 silly ADD node_modules/side-channel-weakmap
500 silly ADD node_modules/side-channel-map
501 silly ADD node_modules/side-channel-list
502 silly ADD node_modules/object-inspect
503 silly ADD node_modules/es-errors
504 silly ADD node_modules/path-to-regexp
505 silly ADD node_modules/is-promise
506 silly ADD node_modules/unpipe
507 silly ADD node_modules/side-channel
508 silly ADD node_modules/es-define-property
509 silly ADD node_modules/ipaddr.js
510 silly ADD node_modules/forwarded
511 silly ADD node_modules/wrappy
512 silly ADD node_modules/ee-first
513 silly ADD node_modules/mime-db
514 silly ADD node_modules/safer-buffer
515 silly ADD node_modules/toidentifier
516 silly ADD node_modules/setprototypeof
517 silly ADD node_modules/inherits
518 silly ADD node_modules/ms
519 silly ADD node_modules/raw-body
520 silly ADD node_modules/iconv-lite
521 silly ADD node_modules/bytes
522 silly ADD node_modules/negotiator
523 silly ADD node_modules/vary
524 silly ADD node_modules/type-is
525 silly ADD node_modules/type-is/node_modules/content-type
526 silly ADD node_modules/statuses
527 silly ADD node_modules/serve-static
528 silly ADD node_modules/send
529 silly ADD node_modules/router
530 silly ADD node_modules/range-parser
531 silly ADD node_modules/qs
532 silly ADD node_modules/proxy-addr
533 silly ADD node_modules/parseurl
534 silly ADD node_modules/once
535 silly ADD node_modules/on-finished
536 silly ADD node_modules/mime-types
537 silly ADD node_modules/merge-descriptors
538 silly ADD node_modules/http-errors
539 silly ADD node_modules/fresh
540 silly ADD node_modules/finalhandler
541 silly ADD node_modules/etag
542 silly ADD node_modules/escape-html
543 silly ADD node_modules/encodeurl
544 silly ADD node_modules/depd
545 silly ADD node_modules/debug
546 silly ADD node_modules/cookie-signature
547 silly ADD node_modules/cookie
548 silly ADD node_modules/content-type
549 silly ADD node_modules/content-disposition
550 silly ADD node_modules/body-parser
551 silly ADD node_modules/body-parser/node_modules/content-type
552 silly ADD node_modules/accepts
553 silly ADD node_modules/express
554 verbose cwd /data/data/com.termux/files/home
555 verbose os Linux 4.19.198-28701120-abA135FXXSEEZB2
556 verbose node v26.3.1
557 verbose npm  v11.17.0
558 verbose exit 0
559 info ok
