0 verbose cli /data/data/com.termux/files/usr/bin/node /data/data/com.termux/files/usr/bin/npm
1 info using npm@11.17.0
2 info using node@v26.3.1
3 silly config load:file:/data/data/com.termux/files/usr/lib/node_modules/npm/npmrc
4 silly config load:file:/data/data/com.termux/files/home/.npmrc
5 silly config load:file:/data/data/com.termux/files/home/.npm-global/etc/npmrc
6 verbose title npm install jsonwebtoken
7 verbose argv "install" "jsonwebtoken"
8 verbose logfile logs-max:10 dir:/data/data/com.termux/files/home/.npm/_logs/2026-07-04T10_43_37_139Z-
9 verbose logfile /data/data/com.termux/files/home/.npm/_logs/2026-07-04T10_43_37_139Z-debug-0.log
10 silly logfile start cleaning logs, removing 1 files
11 silly logfile done cleaning log files
12 silly packumentCache heap:1072431104 maxSize:268107776 maxEntrySize:134053888
13 silly idealTree buildDeps
14 silly fetch manifest jsonwebtoken@*
15 silly packumentCache full:https://registry.npmjs.org/jsonwebtoken cache-miss
16 http fetch GET 200 https://registry.npmjs.org/jsonwebtoken 1138ms (cache revalidated)
17 silly packumentCache full:https://registry.npmjs.org/jsonwebtoken set size:183407 disposed:false
18 silly placeDep ROOT jsonwebtoken@9.0.3 OK for:  want: *
19 silly fetch manifest jws@^4.0.1
20 silly packumentCache full:https://registry.npmjs.org/jws cache-miss
21 silly fetch manifest semver@^7.5.4
22 silly packumentCache full:https://registry.npmjs.org/semver cache-miss
23 silly fetch manifest lodash.once@^4.0.0
24 silly packumentCache full:https://registry.npmjs.org/lodash.once cache-miss
25 silly fetch manifest lodash.includes@^4.3.0
26 silly packumentCache full:https://registry.npmjs.org/lodash.includes cache-miss
27 silly fetch manifest lodash.isnumber@^3.0.3
28 silly packumentCache full:https://registry.npmjs.org/lodash.isnumber cache-miss
29 silly fetch manifest lodash.isstring@^4.0.1
30 silly packumentCache full:https://registry.npmjs.org/lodash.isstring cache-miss
31 silly fetch manifest lodash.isboolean@^3.0.3
32 silly packumentCache full:https://registry.npmjs.org/lodash.isboolean cache-miss
33 http fetch GET 200 https://registry.npmjs.org/jws 301ms (cache revalidated)
34 silly packumentCache full:https://registry.npmjs.org/jws set size:48740 disposed:false
35 silly fetch manifest lodash.isinteger@^4.0.4
36 silly packumentCache full:https://registry.npmjs.org/lodash.isinteger cache-miss
37 http fetch GET 200 https://registry.npmjs.org/lodash.isnumber 576ms (cache revalidated)
38 silly packumentCache full:https://registry.npmjs.org/lodash.isnumber set size:21368 disposed:false
39 silly fetch manifest lodash.isplainobject@^4.0.6
40 silly packumentCache full:https://registry.npmjs.org/lodash.isplainobject cache-miss
41 http fetch GET 200 https://registry.npmjs.org/semver 616ms (cache revalidated)
42 silly packumentCache full:https://registry.npmjs.org/semver set size:246125 disposed:false
43 http fetch GET 200 https://registry.npmjs.org/lodash.isstring 656ms (cache revalidated)
44 silly packumentCache full:https://registry.npmjs.org/lodash.isstring set size:21368 disposed:false
45 http fetch GET 200 https://registry.npmjs.org/lodash.once 686ms (cache revalidated)
46 silly packumentCache full:https://registry.npmjs.org/lodash.once set size:23407 disposed:false
47 http fetch GET 200 https://registry.npmjs.org/lodash.includes 698ms (cache revalidated)
48 silly packumentCache full:https://registry.npmjs.org/lodash.includes set size:27594 disposed:false
49 http fetch GET 200 https://registry.npmjs.org/lodash.isboolean 697ms (cache revalidated)
50 silly packumentCache full:https://registry.npmjs.org/lodash.isboolean set size:21437 disposed:false
51 http fetch GET 200 https://registry.npmjs.org/lodash.isinteger 417ms (cache revalidated)
52 silly packumentCache full:https://registry.npmjs.org/lodash.isinteger set size:10827 disposed:false
53 http fetch GET 200 https://registry.npmjs.org/lodash.isplainobject 252ms (cache revalidated)
54 silly packumentCache full:https://registry.npmjs.org/lodash.isplainobject set size:38531 disposed:false
55 silly placeDep ROOT jws@4.0.1 OK for: jsonwebtoken@9.0.3 want: ^4.0.1
56 silly placeDep ROOT lodash.includes@4.3.0 OK for: jsonwebtoken@9.0.3 want: ^4.3.0
57 silly placeDep ROOT lodash.isboolean@3.0.3 OK for: jsonwebtoken@9.0.3 want: ^3.0.3
58 silly placeDep ROOT lodash.isinteger@4.0.4 OK for: jsonwebtoken@9.0.3 want: ^4.0.4
59 silly placeDep ROOT lodash.isnumber@3.0.3 OK for: jsonwebtoken@9.0.3 want: ^3.0.3
60 silly placeDep ROOT lodash.isplainobject@4.0.6 OK for: jsonwebtoken@9.0.3 want: ^4.0.6
61 silly placeDep ROOT lodash.isstring@4.0.1 OK for: jsonwebtoken@9.0.3 want: ^4.0.1
62 silly placeDep ROOT lodash.once@4.1.1 OK for: jsonwebtoken@9.0.3 want: ^4.0.0
63 silly placeDep ROOT semver@7.8.5 OK for: jsonwebtoken@9.0.3 want: ^7.5.4
64 silly fetch manifest jwa@^2.0.1
65 silly packumentCache full:https://registry.npmjs.org/jwa cache-miss
66 silly fetch manifest safe-buffer@^5.0.1
67 silly packumentCache full:https://registry.npmjs.org/safe-buffer cache-miss
68 http fetch GET 200 https://registry.npmjs.org/jwa 120ms (cache revalidated)
69 silly packumentCache full:https://registry.npmjs.org/jwa set size:39720 disposed:false
70 http fetch GET 200 https://registry.npmjs.org/safe-buffer 130ms (cache revalidated)
71 silly packumentCache full:https://registry.npmjs.org/safe-buffer set size:41183 disposed:false
72 silly placeDep ROOT jwa@2.0.1 OK for: jws@4.0.1 want: ^2.0.1
73 silly placeDep ROOT safe-buffer@5.2.1 OK for: jws@4.0.1 want: ^5.0.1
74 silly fetch manifest ecdsa-sig-formatter@1.0.11
75 silly packumentCache full:https://registry.npmjs.org/ecdsa-sig-formatter cache-miss
76 silly fetch manifest buffer-equal-constant-time@^1.0.1
77 silly packumentCache full:https://registry.npmjs.org/buffer-equal-constant-time cache-miss
78 http fetch GET 200 https://registry.npmjs.org/ecdsa-sig-formatter 122ms (cache revalidated)
79 silly packumentCache full:https://registry.npmjs.org/ecdsa-sig-formatter set size:23546 disposed:false
80 http fetch GET 200 https://registry.npmjs.org/buffer-equal-constant-time 132ms (cache revalidated)
81 silly packumentCache full:https://registry.npmjs.org/buffer-equal-constant-time set size:4390 disposed:false
82 silly placeDep ROOT buffer-equal-constant-time@1.0.1 OK for: jwa@2.0.1 want: ^1.0.1
83 silly placeDep ROOT ecdsa-sig-formatter@1.0.11 OK for: jwa@2.0.1 want: 1.0.11
84 silly reify moves {}
85 silly audit bulk request {
85 silly audit   accepts: [ '2.0.0' ],
85 silly audit   bcryptjs: [ '3.0.3' ],
85 silly audit   'body-parser': [ '2.3.0' ],
85 silly audit   'content-type': [ '2.0.0', '1.0.5' ],
85 silly audit   bytes: [ '3.1.2' ],
85 silly audit   'call-bind-apply-helpers': [ '1.0.2' ],
85 silly audit   'call-bound': [ '1.0.4' ],
85 silly audit   'content-disposition': [ '1.1.0' ],
85 silly audit   cookie: [ '0.7.2' ],
85 silly audit   'cookie-signature': [ '1.2.2' ],
85 silly audit   cors: [ '2.8.6' ],
85 silly audit   debug: [ '4.4.3' ],
85 silly audit   depd: [ '2.0.0' ],
85 silly audit   dotenv: [ '17.4.2' ],
85 silly audit   'dunder-proto': [ '1.0.1' ],
85 silly audit   'ee-first': [ '1.1.1' ],
85 silly audit   encodeurl: [ '2.0.0' ],
85 silly audit   'es-define-property': [ '1.0.1' ],
85 silly audit   'es-errors': [ '1.3.0' ],
85 silly audit   'es-object-atoms': [ '1.1.2' ],
85 silly audit   'escape-html': [ '1.0.3' ],
85 silly audit   etag: [ '1.8.1' ],
85 silly audit   express: [ '5.2.1' ],
85 silly audit   finalhandler: [ '2.1.1' ],
85 silly audit   forwarded: [ '0.2.0' ],
85 silly audit   fresh: [ '2.0.0' ],
85 silly audit   'function-bind': [ '1.1.2' ],
85 silly audit   'get-intrinsic': [ '1.3.0' ],
85 silly audit   'get-proto': [ '1.0.1' ],
85 silly audit   gopd: [ '1.2.0' ],
85 silly audit   'has-symbols': [ '1.1.0' ],
85 silly audit   hasown: [ '2.0.4' ],
85 silly audit   'http-errors': [ '2.0.1' ],
85 silly audit   'iconv-lite': [ '0.7.3' ],
85 silly audit   inherits: [ '2.0.4' ],
85 silly audit   'ipaddr.js': [ '1.9.1' ],
85 silly audit   'is-promise': [ '4.0.0' ],
85 silly audit   'math-intrinsics': [ '1.1.0' ],
85 silly audit   'media-typer': [ '1.1.0' ],
85 silly audit   'merge-descriptors': [ '2.0.0' ],
85 silly audit   'mime-db': [ '1.54.0' ],
85 silly audit   'mime-types': [ '3.0.2' ],
85 silly audit   ms: [ '2.1.3' ],
85 silly audit   negotiator: [ '1.0.0' ],
85 silly audit   'object-assign': [ '4.1.1' ],
85 silly audit   'object-inspect': [ '1.13.4' ],
85 silly audit   'on-finished': [ '2.4.1' ],
85 silly audit   once: [ '1.4.0' ],
85 silly audit   parseurl: [ '1.3.3' ],
85 silly audit   'path-to-regexp': [ '8.4.2' ],
85 silly audit   'proxy-addr': [ '2.0.7' ],
85 silly audit   qs: [ '6.15.3' ],
85 silly audit   'range-parser': [ '1.3.0' ],
85 silly audit   'raw-body': [ '3.0.2' ],
85 silly audit   router: [ '2.2.0' ],
85 silly audit   'safer-buffer': [ '2.1.2' ],
85 silly audit   send: [ '1.2.1' ],
85 silly audit   'serve-static': [ '2.2.1' ],
85 silly audit   setprototypeof: [ '1.2.0' ],
85 silly audit   'side-channel': [ '1.1.1' ],
85 silly audit   'side-channel-list': [ '1.0.1' ],
85 silly audit   'side-channel-map': [ '1.0.1' ],
85 silly audit   'side-channel-weakmap': [ '1.0.2' ],
85 silly audit   statuses: [ '2.0.2' ],
85 silly audit   toidentifier: [ '1.0.1' ],
85 silly audit   'type-is': [ '2.1.0' ],
85 silly audit   unpipe: [ '1.0.0' ],
85 silly audit   vary: [ '1.1.2' ],
85 silly audit   wrappy: [ '1.0.2' ],
85 silly audit   jsonwebtoken: [ '9.0.3' ],
85 silly audit   jws: [ '4.0.1' ],
85 silly audit   'lodash.includes': [ '4.3.0' ],
85 silly audit   'lodash.isboolean': [ '3.0.3' ],
85 silly audit   'lodash.isinteger': [ '4.0.4' ],
85 silly audit   'lodash.isnumber': [ '3.0.3' ],
85 silly audit   'lodash.isplainobject': [ '4.0.6' ],
85 silly audit   'lodash.isstring': [ '4.0.1' ],
85 silly audit   'lodash.once': [ '4.1.1' ],
85 silly audit   semver: [ '7.8.5' ],
85 silly audit   jwa: [ '2.0.1' ],
85 silly audit   'safe-buffer': [ '5.2.1' ],
85 silly audit   'buffer-equal-constant-time': [ '1.0.1' ],
85 silly audit   'ecdsa-sig-formatter': [ '1.0.11' ]
85 silly audit }
86 http cache ecdsa-sig-formatter@https://registry.npmjs.org/ecdsa-sig-formatter/-/ecdsa-sig-formatter-1.0.11.tgz 0ms (cache hit)
87 http cache buffer-equal-constant-time@https://registry.npmjs.org/buffer-equal-constant-time/-/buffer-equal-constant-time-1.0.1.tgz 0ms (cache hit)
88 http cache safe-buffer@https://registry.npmjs.org/safe-buffer/-/safe-buffer-5.2.1.tgz 0ms (cache hit)
89 http cache semver@https://registry.npmjs.org/semver/-/semver-7.8.5.tgz 0ms (cache hit)
90 http cache lodash.once@https://registry.npmjs.org/lodash.once/-/lodash.once-4.1.1.tgz 0ms (cache hit)
91 http cache lodash.isstring@https://registry.npmjs.org/lodash.isstring/-/lodash.isstring-4.0.1.tgz 0ms (cache hit)
92 http cache lodash.isplainobject@https://registry.npmjs.org/lodash.isplainobject/-/lodash.isplainobject-4.0.6.tgz 0ms (cache hit)
93 http cache lodash.isnumber@https://registry.npmjs.org/lodash.isnumber/-/lodash.isnumber-3.0.3.tgz 0ms (cache hit)
94 http cache lodash.isboolean@https://registry.npmjs.org/lodash.isboolean/-/lodash.isboolean-3.0.3.tgz 0ms (cache hit)
95 http cache lodash.isinteger@https://registry.npmjs.org/lodash.isinteger/-/lodash.isinteger-4.0.4.tgz 0ms (cache hit)
96 http cache lodash.includes@https://registry.npmjs.org/lodash.includes/-/lodash.includes-4.3.0.tgz 0ms (cache hit)
97 http cache jsonwebtoken@https://registry.npmjs.org/jsonwebtoken/-/jsonwebtoken-9.0.3.tgz 0ms (cache hit)
98 http cache jws@https://registry.npmjs.org/jws/-/jws-4.0.1.tgz 0ms (cache hit)
99 http cache jwa@https://registry.npmjs.org/jwa/-/jwa-2.0.1.tgz 0ms (cache hit)
100 http fetch POST 200 https://registry.npmjs.org/-/npm/v1/security/advisories/bulk 510ms
101 silly audit report {}
102 silly ADD node_modules/ecdsa-sig-formatter
103 silly ADD node_modules/buffer-equal-constant-time
104 silly ADD node_modules/safe-buffer
105 silly ADD node_modules/jwa
106 silly ADD node_modules/semver
107 silly ADD node_modules/lodash.once
108 silly ADD node_modules/lodash.isstring
109 silly ADD node_modules/lodash.isplainobject
110 silly ADD node_modules/lodash.isnumber
111 silly ADD node_modules/lodash.isinteger
112 silly ADD node_modules/lodash.isboolean
113 silly ADD node_modules/lodash.includes
114 silly ADD node_modules/jws
115 silly ADD node_modules/jsonwebtoken
116 verbose cwd /data/data/com.termux/files/home
117 verbose os Linux 4.19.198-28701120-abA135FXXSEEZB2
118 verbose node v26.3.1
119 verbose npm  v11.17.0
120 verbose exit 0
121 info ok
