0 verbose cli /data/data/com.termux/files/usr/bin/node /data/data/com.termux/files/usr/bin/npm
1 info using npm@11.17.0
2 info using node@v26.3.1
3 silly config load:file:/data/data/com.termux/files/usr/lib/node_modules/npm/npmrc
4 silly config load:file:/data/data/com.termux/files/home/.npmrc
5 silly config load:file:/data/data/com.termux/files/home/.npm-global/etc/npmrc
6 verbose title npm install dotenv
7 verbose argv "install" "dotenv"
8 verbose logfile logs-max:10 dir:/data/data/com.termux/files/home/.npm/_logs/2026-07-04T10_43_07_062Z-
9 verbose logfile /data/data/com.termux/files/home/.npm/_logs/2026-07-04T10_43_07_062Z-debug-0.log
10 silly logfile done cleaning log files
11 silly packumentCache heap:1072431104 maxSize:268107776 maxEntrySize:134053888
12 silly idealTree buildDeps
13 silly fetch manifest dotenv@*
14 silly packumentCache full:https://registry.npmjs.org/dotenv cache-miss
15 http fetch GET 200 https://registry.npmjs.org/dotenv 1179ms (cache revalidated)
16 silly packumentCache full:https://registry.npmjs.org/dotenv set size:277818 disposed:false
17 silly placeDep ROOT dotenv@17.4.2 OK for:  want: *
18 silly reify moves {}
19 silly audit bulk request {
19 silly audit   accepts: [ '2.0.0' ],
19 silly audit   'body-parser': [ '2.3.0' ],
19 silly audit   'content-type': [ '2.0.0', '1.0.5' ],
19 silly audit   bytes: [ '3.1.2' ],
19 silly audit   'call-bind-apply-helpers': [ '1.0.2' ],
19 silly audit   'call-bound': [ '1.0.4' ],
19 silly audit   'content-disposition': [ '1.1.0' ],
19 silly audit   cookie: [ '0.7.2' ],
19 silly audit   'cookie-signature': [ '1.2.2' ],
19 silly audit   cors: [ '2.8.6' ],
19 silly audit   debug: [ '4.4.3' ],
19 silly audit   depd: [ '2.0.0' ],
19 silly audit   'dunder-proto': [ '1.0.1' ],
19 silly audit   'ee-first': [ '1.1.1' ],
19 silly audit   encodeurl: [ '2.0.0' ],
19 silly audit   'es-define-property': [ '1.0.1' ],
19 silly audit   'es-errors': [ '1.3.0' ],
19 silly audit   'es-object-atoms': [ '1.1.2' ],
19 silly audit   'escape-html': [ '1.0.3' ],
19 silly audit   etag: [ '1.8.1' ],
19 silly audit   express: [ '5.2.1' ],
19 silly audit   finalhandler: [ '2.1.1' ],
19 silly audit   forwarded: [ '0.2.0' ],
19 silly audit   fresh: [ '2.0.0' ],
19 silly audit   'function-bind': [ '1.1.2' ],
19 silly audit   'get-intrinsic': [ '1.3.0' ],
19 silly audit   'get-proto': [ '1.0.1' ],
19 silly audit   gopd: [ '1.2.0' ],
19 silly audit   'has-symbols': [ '1.1.0' ],
19 silly audit   hasown: [ '2.0.4' ],
19 silly audit   'http-errors': [ '2.0.1' ],
19 silly audit   'iconv-lite': [ '0.7.3' ],
19 silly audit   inherits: [ '2.0.4' ],
19 silly audit   'ipaddr.js': [ '1.9.1' ],
19 silly audit   'is-promise': [ '4.0.0' ],
19 silly audit   'math-intrinsics': [ '1.1.0' ],
19 silly audit   'media-typer': [ '1.1.0' ],
19 silly audit   'merge-descriptors': [ '2.0.0' ],
19 silly audit   'mime-db': [ '1.54.0' ],
19 silly audit   'mime-types': [ '3.0.2' ],
19 silly audit   ms: [ '2.1.3' ],
19 silly audit   negotiator: [ '1.0.0' ],
19 silly audit   'object-assign': [ '4.1.1' ],
19 silly audit   'object-inspect': [ '1.13.4' ],
19 silly audit   'on-finished': [ '2.4.1' ],
19 silly audit   once: [ '1.4.0' ],
19 silly audit   parseurl: [ '1.3.3' ],
19 silly audit   'path-to-regexp': [ '8.4.2' ],
19 silly audit   'proxy-addr': [ '2.0.7' ],
19 silly audit   qs: [ '6.15.3' ],
19 silly audit   'range-parser': [ '1.3.0' ],
19 silly audit   'raw-body': [ '3.0.2' ],
19 silly audit   router: [ '2.2.0' ],
19 silly audit   'safer-buffer': [ '2.1.2' ],
19 silly audit   send: [ '1.2.1' ],
19 silly audit   'serve-static': [ '2.2.1' ],
19 silly audit   setprototypeof: [ '1.2.0' ],
19 silly audit   'side-channel': [ '1.1.1' ],
19 silly audit   'side-channel-list': [ '1.0.1' ],
19 silly audit   'side-channel-map': [ '1.0.1' ],
19 silly audit   'side-channel-weakmap': [ '1.0.2' ],
19 silly audit   statuses: [ '2.0.2' ],
19 silly audit   toidentifier: [ '1.0.1' ],
19 silly audit   'type-is': [ '2.1.0' ],
19 silly audit   unpipe: [ '1.0.0' ],
19 silly audit   vary: [ '1.1.2' ],
19 silly audit   wrappy: [ '1.0.2' ],
19 silly audit   dotenv: [ '17.4.2' ]
19 silly audit }
20 http cache dotenv@https://registry.npmjs.org/dotenv/-/dotenv-17.4.2.tgz 0ms (cache hit)
21 silly tarball no local data for dotenv@https://registry.npmjs.org/dotenv/-/dotenv-17.4.2.tgz. Extracting by manifest.
22 http fetch POST 200 https://registry.npmjs.org/-/npm/v1/security/advisories/bulk 473ms
23 silly audit report {}
24 http fetch GET 200 https://registry.npmjs.org/dotenv/-/dotenv-17.4.2.tgz 765ms (cache miss)
25 silly ADD node_modules/dotenv
26 verbose cwd /data/data/com.termux/files/home
27 verbose os Linux 4.19.198-28701120-abA135FXXSEEZB2
28 verbose node v26.3.1
29 verbose npm  v11.17.0
30 verbose exit 0
31 info ok
